2025-07-16 21:06:19,271 - INFO - Firebase initialized successfully
2025-07-16 21:06:19,272 - INFO - Checking for reminders...
2025-07-16 21:07:20,850 - INFO - Checking for reminders...
2025-07-16 21:07:21,055 - INFO - Reminder triggered for task: Test 1
2025-07-16 21:07:21,063 - ERROR - Reminder sound file /home/pi/Documents/GitHub/e20-3yp-P-E-BO-Desk-Companion/code/PEBO/reminder.wav not found
2025-07-16 21:07:33,899 - ERROR - Reminder sound file /home/pi/Documents/GitHub/e20-3yp-P-E-BO-Desk-Companion/code/PEBO/reminder.wav not found
2025-07-16 21:07:52,281 - ERROR - Reminder sound file /home/pi/Documents/GitHub/e20-3yp-P-E-BO-Desk-Companion/code/PEBO/reminder.wav not found
2025-07-16 21:08:02,458 - ERROR - Reminder sound file /home/pi/Documents/GitHub/e20-3yp-P-E-BO-Desk-Companion/code/PEBO/reminder.wav not found
2025-07-16 21:08:08,291 - INFO - Tap detected: 1/2
2025-07-16 21:08:08,473 - INFO - Tap detected: 2/2
2025-07-16 21:08:08,625 - INFO - Double-tap detected, stopping reminder
2025-07-16 21:09:13,820 - INFO - Checking for reminders...
2025-07-16 21:09:14,371 - INFO - Reminder triggered for task: Test 2
2025-07-16 21:09:14,372 - ERROR - Reminder sound file /home/pi/Documents/GitHub/e20-3yp-P-E-BO-Desk-Companion/code/PEBO/reminder.wav not found
2025-07-16 21:09:25,819 - ERROR - Reminder sound file /home/pi/Documents/GitHub/e20-3yp-P-E-BO-Desk-Companion/code/PEBO/reminder.wav not found
2025-07-16 21:09:36,782 - ERROR - Reminder sound file /home/pi/Documents/GitHub/e20-3yp-P-E-BO-Desk-Companion/code/PEBO/reminder.wav not found
2025-07-16 21:09:44,571 - INFO - Firebase app cleaned up
2025-07-16 21:09:44,702 - INFO - Program terminated
2025-07-16 21:18:48,328 - INFO - Firebase initialized successfully
2025-07-16 21:18:48,329 - INFO - Checking for reminders...
2025-07-16 21:19:49,678 - INFO - Checking for reminders...
2025-07-16 21:19:49,894 - INFO - Reminder triggered for task: Test 3
2025-07-16 21:19:49,901 - ERROR - Reminder sound file /home/pi/Documents/GitHub/e20-3yp-P-E-BO-Desk-Companion/code/PEBO/reminder.wav not found
2025-07-16 21:20:00,909 - ERROR - Reminder sound file /home/pi/Documents/GitHub/e20-3yp-P-E-BO-Desk-Companion/code/PEBO/reminder.wav not found
2025-07-16 21:20:11,018 - ERROR - Reminder sound file /home/pi/Documents/GitHub/e20-3yp-P-E-BO-Desk-Companion/code/PEBO/reminder.wav not found
2025-07-16 21:20:22,320 - ERROR - Reminder sound file /home/pi/Documents/GitHub/e20-3yp-P-E-BO-Desk-Companion/code/PEBO/reminder.wav not found
2025-07-16 21:20:32,503 - ERROR - Reminder sound file /home/pi/Documents/GitHub/e20-3yp-P-E-BO-Desk-Companion/code/PEBO/reminder.wav not found
2025-07-16 21:20:40,320 - INFO - Firebase app cleaned up
2025-07-16 21:20:40,454 - INFO - Program terminated
2025-07-16 21:22:27,816 - INFO - Firebase initialized successfully
2025-07-16 21:22:27,817 - INFO - Checking for reminders...
2025-07-16 21:23:28,921 - INFO - Checking for reminders...
2025-07-16 21:23:29,115 - INFO - Reminder triggered for task: Test4
2025-07-16 21:24:37,279 - INFO - Tap detected: 1/2
2025-07-16 21:24:37,562 - INFO - Tap detected: 2/2
2025-07-16 21:24:37,745 - INFO - Double-tap detected, stopping reminder
2025-07-16 21:25:18,840 - INFO - Firebase app cleaned up
2025-07-16 21:25:18,969 - INFO - Program terminated
2025-07-16 21:41:05,328 - INFO - Firebase initialized successfully
2025-07-16 21:41:05,330 - INFO - Checking for reminders...
2025-07-16 21:42:06,602 - INFO - Checking for reminders...
2025-07-16 21:43:06,863 - INFO - Checking for reminders...
2025-07-16 21:44:07,075 - INFO - Checking for reminders...
2025-07-16 21:45:07,354 - INFO - Checking for reminders...
2025-07-16 21:45:07,584 - INFO - Reminder triggered for task: Project presentation end time
2025-07-16 21:47:19,147 - INFO - Checking for reminders...
2025-07-16 21:48:24,925 - INFO - Checking for reminders...
2025-07-16 21:48:25,275 - INFO - Reminder triggered for task: Test4
2025-07-16 21:50:34,985 - INFO - Checking for reminders...
2025-07-16 21:50:48,892 - INFO - Firebase app cleaned up
2025-07-16 21:50:49,019 - INFO - Program terminated
2025-07-16 23:10:48,607 - INFO - Firebase initialized successfully
2025-07-16 23:10:48,612 - INFO - Checking for reminders...
2025-07-16 23:10:49,321 - ERROR - Error fetching tasks for user WgVfb1DV4rOwo3k58wGTEWhmBmG2: ('invalid_grant: Invalid JWT Signature.', {'error': 'invalid_grant', 'error_description': 'Invalid JWT Signature.'})
2025-07-16 23:11:13,419 - INFO - Firebase initialized successfully
2025-07-16 23:11:13,419 - INFO - Checking for reminders...
2025-07-16 23:11:13,956 - ERROR - Error fetching tasks for user WgVfb1DV4rOwo3k58wGTEWhmBmG2: ('invalid_grant: Invalid JWT Signature.', {'error': 'invalid_grant', 'error_description': 'Invalid JWT Signature.'})
2025-07-16 23:12:14,005 - INFO - Checking for reminders...
2025-07-16 23:12:14,175 - ERROR - Error fetching tasks for user WgVfb1DV4rOwo3k58wGTEWhmBmG2: ('invalid_grant: Invalid JWT Signature.', {'error': 'invalid_grant', 'error_description': 'Invalid JWT Signature.'})
2025-07-16 23:13:14,197 - INFO - Checking for reminders...
2025-07-16 23:13:14,360 - ERROR - Error fetching tasks for user WgVfb1DV4rOwo3k58wGTEWhmBmG2: ('invalid_grant: Invalid JWT Signature.', {'error': 'invalid_grant', 'error_description': 'Invalid JWT Signature.'})
2025-07-16 23:14:14,421 - INFO - Checking for reminders...
2025-07-16 23:14:14,570 - ERROR - Error fetching tasks for user WgVfb1DV4rOwo3k58wGTEWhmBmG2: ('invalid_grant: Invalid JWT Signature.', {'error': 'invalid_grant', 'error_description': 'Invalid JWT Signature.'})
2025-07-16 23:15:14,630 - INFO - Checking for reminders...
2025-07-16 23:15:17,470 - ERROR - Error fetching tasks for user WgVfb1DV4rOwo3k58wGTEWhmBmG2: ('invalid_grant: Invalid JWT Signature.', {'error': 'invalid_grant', 'error_description': 'Invalid JWT Signature.'})
2025-07-16 23:16:17,519 - INFO - Checking for reminders...
2025-07-16 23:16:23,080 - ERROR - Error fetching tasks for user WgVfb1DV4rOwo3k58wGTEWhmBmG2: ('invalid_grant: Invalid JWT Signature.', {'error': 'invalid_grant', 'error_description': 'Invalid JWT Signature.'})
2025-07-16 23:17:23,141 - INFO - Checking for reminders...
2025-07-16 23:17:24,721 - ERROR - Error fetching tasks for user WgVfb1DV4rOwo3k58wGTEWhmBmG2: ('invalid_grant: Invalid JWT Signature.', {'error': 'invalid_grant', 'error_description': 'Invalid JWT Signature.'})
2025-07-16 23:18:24,782 - INFO - Checking for reminders...
2025-07-16 23:18:27,877 - ERROR - Error fetching tasks for user WgVfb1DV4rOwo3k58wGTEWhmBmG2: ('invalid_grant: Invalid JWT Signature.', {'error': 'invalid_grant', 'error_description': 'Invalid JWT Signature.'})
2025-07-16 23:19:27,938 - INFO - Checking for reminders...
2025-07-16 23:19:33,815 - ERROR - Error fetching tasks for user WgVfb1DV4rOwo3k58wGTEWhmBmG2: ('invalid_grant: Invalid JWT Signature.', {'error': 'invalid_grant', 'error_description': 'Invalid JWT Signature.'})
2025-07-16 23:20:33,852 - INFO - Checking for reminders...
2025-07-16 23:20:34,775 - ERROR - Error fetching tasks for user WgVfb1DV4rOwo3k58wGTEWhmBmG2: ('invalid_grant: Invalid JWT Signature.', {'error': 'invalid_grant', 'error_description': 'Invalid JWT Signature.'})
2025-07-16 23:21:23,143 - INFO - Firebase initialized successfully
2025-07-16 23:21:23,144 - INFO - Checking for reminders...
2025-07-16 23:21:23,733 - ERROR - Error fetching tasks for user WgVfb1DV4rOwo3k58wGTEWhmBmG2: ('invalid_grant: Invalid JWT Signature.', {'error': 'invalid_grant', 'error_description': 'Invalid JWT Signature.'})
2025-07-16 23:21:23,733 - INFO - No reminders to process, retrying in 60 seconds
2025-07-16 23:22:23,768 - INFO - Checking for reminders...
2025-07-16 23:22:23,897 - ERROR - Error fetching tasks for user WgVfb1DV4rOwo3k58wGTEWhmBmG2: ('invalid_grant: Invalid JWT Signature.', {'error': 'invalid_grant', 'error_description': 'Invalid JWT Signature.'})
2025-07-16 23:22:23,898 - INFO - No reminders to process, retrying in 60 seconds
2025-07-16 23:23:23,922 - INFO - Checking for reminders...
2025-07-16 23:23:24,062 - ERROR - Error fetching tasks for user WgVfb1DV4rOwo3k58wGTEWhmBmG2: ('invalid_grant: Invalid JWT Signature.', {'error': 'invalid_grant', 'error_description': 'Invalid JWT Signature.'})
2025-07-16 23:23:24,063 - INFO - No reminders to process, retrying in 60 seconds
2025-07-16 23:24:02,720 - INFO - Firebase initialized successfully
2025-07-16 23:24:02,720 - INFO - Checking for reminders...
2025-07-16 23:24:03,331 - ERROR - Error fetching tasks for user WgVfb1DV4rOwo3k58wGTEWhmBmG2: ('invalid_grant: Invalid JWT Signature.', {'error': 'invalid_grant', 'error_description': 'Invalid JWT Signature.'})
2025-07-16 23:25:03,392 - INFO - Checking for reminders...
2025-07-16 23:25:03,539 - ERROR - Error fetching tasks for user WgVfb1DV4rOwo3k58wGTEWhmBmG2: ('invalid_grant: Invalid JWT Signature.', {'error': 'invalid_grant', 'error_description': 'Invalid JWT Signature.'})
2025-07-16 23:26:03,600 - INFO - Checking for reminders...
2025-07-16 23:26:03,774 - ERROR - Error fetching tasks for user WgVfb1DV4rOwo3k58wGTEWhmBmG2: ('invalid_grant: Invalid JWT Signature.', {'error': 'invalid_grant', 'error_description': 'Invalid JWT Signature.'})
2025-07-16 23:27:03,835 - INFO - Checking for reminders...
2025-07-16 23:27:04,011 - ERROR - Error fetching tasks for user WgVfb1DV4rOwo3k58wGTEWhmBmG2: ('invalid_grant: Invalid JWT Signature.', {'error': 'invalid_grant', 'error_description': 'Invalid JWT Signature.'})
2025-07-16 23:27:26,648 - INFO - Firebase app cleaned up
2025-07-16 23:27:26,776 - INFO - Program terminated
2025-07-16 23:30:52,449 - INFO - Firebase initialized successfully
2025-07-16 23:30:52,449 - INFO - Checking for reminders...
2025-07-16 23:30:53,053 - ERROR - Error fetching tasks for user WgVfb1DV4rOwo3k58wGTEWhmBmG2: ('invalid_grant: Invalid JWT Signature.', {'error': 'invalid_grant', 'error_description': 'Invalid JWT Signature.'})
2025-07-16 23:33:43,617 - INFO - Firebase initialized successfully
2025-07-16 23:33:43,618 - INFO - Checking for reminders...
2025-07-16 23:33:44,193 - ERROR - Error fetching tasks for user WgVfb1DV4rOwo3k58wGTEWhmBmG2: ('invalid_grant: Invalid JWT Signature.', {'error': 'invalid_grant', 'error_description': 'Invalid JWT Signature.'})
2025-07-16 23:34:38,636 - INFO - Firebase initialized successfully
2025-07-16 23:34:38,637 - INFO - Checking for reminders...
2025-07-16 23:34:39,162 - ERROR - Error fetching tasks for user WgVfb1DV4rOwo3k58wGTEWhmBmG2: ('invalid_grant: Invalid JWT Signature.', {'error': 'invalid_grant', 'error_description': 'Invalid JWT Signature.'})
2025-07-16 23:34:39,162 - INFO - No reminders to process, retrying in 60 seconds
2025-07-16 23:45:15,692 - INFO - Firebase initialized successfully
2025-07-16 23:45:15,693 - INFO - Checking for reminders...
2025-07-16 23:45:16,303 - ERROR - Error fetching tasks for user WgVfb1DV4rOwo3k58wGTEWhmBmG2: ('invalid_grant: Invalid JWT Signature.', {'error': 'invalid_grant', 'error_description': 'Invalid JWT Signature.'})
2025-07-16 23:45:16,303 - INFO - No reminders to process, retrying in 60 seconds
2025-07-16 23:45:45,170 - INFO - Firebase initialized successfully
2025-07-16 23:45:45,171 - INFO - Checking for reminders...
2025-07-16 23:45:45,668 - ERROR - Error fetching tasks for user WgVfb1DV4rOwo3k58wGTEWhmBmG2: ('invalid_grant: Invalid JWT Signature.', {'error': 'invalid_grant', 'error_description': 'Invalid JWT Signature.'})
2025-07-16 23:48:26,114 - INFO - Firebase initialized successfully
2025-07-16 23:48:26,114 - INFO - Checking for reminders...
2025-07-16 23:48:26,726 - ERROR - Error fetching tasks for user WgVfb1DV4rOwo3k58wGTEWhmBmG2: ('invalid_grant: Invalid JWT Signature.', {'error': 'invalid_grant', 'error_description': 'Invalid JWT Signature.'})
2025-07-17 00:53:05,685 - INFO - Firebase initialized successfully
2025-07-17 00:53:05,687 - INFO - Checking for reminders...
2025-07-17 00:54:37,012 - INFO - Firebase initialized successfully
2025-07-17 00:54:37,013 - INFO - Checking for reminders...
2025-07-17 00:55:38,109 - INFO - Checking for reminders...
2025-07-17 00:55:38,333 - INFO - No tasks found for user 4tmHxRsiiod99F1eeKb3FU5zqos1
2025-07-17 00:56:38,339 - INFO - Checking for reminders...
2025-07-17 00:56:38,551 - INFO - No tasks found for user 4tmHxRsiiod99F1eeKb3FU5zqos1
2025-07-17 00:57:38,555 - INFO - Checking for reminders...
2025-07-17 00:57:38,743 - INFO - No tasks found for user 4tmHxRsiiod99F1eeKb3FU5zqos1
2025-07-17 00:58:38,795 - INFO - Checking for reminders...
2025-07-17 00:58:38,988 - INFO - No tasks found for user 4tmHxRsiiod99F1eeKb3FU5zqos1
2025-07-17 00:59:39,038 - INFO - Checking for reminders...
2025-07-17 00:59:39,276 - INFO - No tasks found for user 4tmHxRsiiod99F1eeKb3FU5zqos1
2025-07-17 01:00:39,278 - INFO - Checking for reminders...
2025-07-17 01:00:39,486 - INFO - No tasks found for user 4tmHxRsiiod99F1eeKb3FU5zqos1
2025-07-17 01:01:39,488 - INFO - Checking for reminders...
2025-07-17 01:02:39,755 - INFO - Checking for reminders...
2025-07-17 01:03:39,976 - INFO - Checking for reminders...
2025-07-17 01:04:06,196 - INFO - Firebase app cleaned up
2025-07-17 01:04:06,329 - INFO - Program terminated
2025-07-17 01:04:45,322 - INFO - Firebase initialized successfully
2025-07-17 01:04:45,322 - INFO - Checking for reminders...
2025-07-17 01:05:46,403 - INFO - Checking for reminders...
2025-07-17 01:05:46,598 - INFO - Reminder triggered for task: Test 1
2025-07-17 01:06:41,746 - INFO - Tap detected: 1/2
2025-07-17 01:06:42,150 - INFO - Tap detected: 2/2
2025-07-17 01:06:42,282 - INFO - Double-tap detected, stopping reminder
2025-07-17 01:07:47,350 - INFO - Checking for reminders...
2025-07-17 01:08:47,978 - INFO - Checking for reminders...
2025-07-17 01:09:48,216 - INFO - Checking for reminders...
2025-07-17 01:10:48,456 - INFO - Checking for reminders...
2025-07-17 01:11:49,761 - INFO - Checking for reminders...
2025-07-17 01:12:54,588 - INFO - Checking for reminders...
2025-07-17 01:12:57,008 - INFO - Reminder triggered for task: Test 2
2025-07-17 01:13:47,797 - INFO - Tap detected: 1/2
2025-07-17 01:13:48,041 - INFO - Tap detected: 2/2
2025-07-17 01:13:48,499 - INFO - Double-tap detected, stopping reminder
2025-07-17 01:14:53,546 - INFO - Checking for reminders...
2025-07-17 01:15:55,738 - INFO - Checking for reminders...
2025-07-17 01:16:56,085 - INFO - Checking for reminders...
2025-07-17 01:17:56,282 - INFO - Checking for reminders...
2025-07-17 01:18:56,525 - INFO - Checking for reminders...
2025-07-17 01:19:56,765 - INFO - Checking for reminders...
2025-07-17 01:20:57,023 - INFO - Checking for reminders...
2025-07-17 01:22:57,038 - WARNING - Retrying (Retry(total=9, connect=1, read=0, redirect=None, status=4)) after connection broken by 'ReadTimeoutError("HTTPSConnectionPool(host='pebo-task-manager-767f3-default-rtdb.asia-southeast1.firebasedatabase.app', port=443): Read timed out. (read timeout=120)")': /users/4tmHxRsiiod99F1eeKb3FU5zqos1/tasks.json
2025-07-17 01:22:58,043 - WARNING - Retrying (Retry(total=8, connect=0, read=0, redirect=None, status=4)) after connection broken by 'NewConnectionError('<urllib3.connection.HTTPSConnection object at 0x7f91b44c90>: Failed to establish a new connection: [Errno -3] Temporary failure in name resolution')': /users/4tmHxRsiiod99F1eeKb3FU5zqos1/tasks.json
2025-07-17 01:22:58,046 - ERROR - Error fetching tasks for user 4tmHxRsiiod99F1eeKb3FU5zqos1: Failed to establish a connection: HTTPSConnectionPool(host='pebo-task-manager-767f3-default-rtdb.asia-southeast1.firebasedatabase.app', port=443): Max retries exceeded with url: /users/4tmHxRsiiod99F1eeKb3FU5zqos1/tasks.json (Caused by NewConnectionError('<urllib3.connection.HTTPSConnection object at 0x7f91b4e610>: Failed to establish a new connection: [Errno -3] Temporary failure in name resolution'))
2025-07-17 01:23:58,104 - INFO - Checking for reminders...
2025-07-17 01:23:58,112 - WARNING - Retrying (Retry(total=9, connect=0, read=1, redirect=None, status=4)) after connection broken by 'NewConnectionError('<urllib3.connection.HTTPSConnection object at 0x7f91b4e610>: Failed to establish a new connection: [Errno -3] Temporary failure in name resolution')': /users/4tmHxRsiiod99F1eeKb3FU5zqos1/tasks.json
2025-07-17 01:23:58,116 - ERROR - Error fetching tasks for user 4tmHxRsiiod99F1eeKb3FU5zqos1: Failed to establish a connection: HTTPSConnectionPool(host='pebo-task-manager-767f3-default-rtdb.asia-southeast1.firebasedatabase.app', port=443): Max retries exceeded with url: /users/4tmHxRsiiod99F1eeKb3FU5zqos1/tasks.json (Caused by NewConnectionError('<urllib3.connection.HTTPSConnection object at 0x7f91b5cf90>: Failed to establish a new connection: [Errno -3] Temporary failure in name resolution'))
2025-07-17 01:24:58,165 - INFO - Checking for reminders...
2025-07-17 01:24:58,174 - WARNING - Retrying (Retry(total=9, connect=0, read=1, redirect=None, status=4)) after connection broken by 'NewConnectionError('<urllib3.connection.HTTPSConnection object at 0x7f91b5d210>: Failed to establish a new connection: [Errno -3] Temporary failure in name resolution')': /users/4tmHxRsiiod99F1eeKb3FU5zqos1/tasks.json
2025-07-17 01:24:58,177 - ERROR - Error fetching tasks for user 4tmHxRsiiod99F1eeKb3FU5zqos1: Failed to establish a connection: HTTPSConnectionPool(host='pebo-task-manager-767f3-default-rtdb.asia-southeast1.firebasedatabase.app', port=443): Max retries exceeded with url: /users/4tmHxRsiiod99F1eeKb3FU5zqos1/tasks.json (Caused by NewConnectionError('<urllib3.connection.HTTPSConnection object at 0x7f91b5dc90>: Failed to establish a new connection: [Errno -3] Temporary failure in name resolution'))
2025-07-17 01:25:58,224 - INFO - Checking for reminders...
2025-07-17 01:25:58,232 - WARNING - Retrying (Retry(total=9, connect=0, read=1, redirect=None, status=4)) after connection broken by 'NewConnectionError('<urllib3.connection.HTTPSConnection object at 0x7f91b5e350>: Failed to establish a new connection: [Errno -3] Temporary failure in name resolution')': /users/4tmHxRsiiod99F1eeKb3FU5zqos1/tasks.json
2025-07-17 01:25:58,235 - ERROR - Error fetching tasks for user 4tmHxRsiiod99F1eeKb3FU5zqos1: Failed to establish a connection: HTTPSConnectionPool(host='pebo-task-manager-767f3-default-rtdb.asia-southeast1.firebasedatabase.app', port=443): Max retries exceeded with url: /users/4tmHxRsiiod99F1eeKb3FU5zqos1/tasks.json (Caused by NewConnectionError('<urllib3.connection.HTTPSConnection object at 0x7f91b5ed10>: Failed to establish a new connection: [Errno -3] Temporary failure in name resolution'))
2025-07-17 01:26:58,285 - INFO - Checking for reminders...
2025-07-17 01:26:58,294 - WARNING - Retrying (Retry(total=9, connect=0, read=1, redirect=None, status=4)) after connection broken by 'NewConnectionError('<urllib3.connection.HTTPSConnection object at 0x7f91b5f7d0>: Failed to establish a new connection: [Errno -3] Temporary failure in name resolution')': /users/4tmHxRsiiod99F1eeKb3FU5zqos1/tasks.json
2025-07-17 01:26:58,297 - ERROR - Error fetching tasks for user 4tmHxRsiiod99F1eeKb3FU5zqos1: Failed to establish a connection: HTTPSConnectionPool(host='pebo-task-manager-767f3-default-rtdb.asia-southeast1.firebasedatabase.app', port=443): Max retries exceeded with url: /users/4tmHxRsiiod99F1eeKb3FU5zqos1/tasks.json (Caused by NewConnectionError('<urllib3.connection.HTTPSConnection object at 0x7f91b6c1d0>: Failed to establish a new connection: [Errno -3] Temporary failure in name resolution'))
2025-07-17 01:59:08,986 - INFO - Firebase initialized successfully
2025-07-17 01:59:08,988 - INFO - Checking for reminders...
2025-07-17 02:00:10,205 - INFO - Checking for reminders...
2025-07-17 02:00:10,383 - INFO - Reminder triggered for task: Test 3
2025-07-17 02:00:22,881 - INFO - Firebase app cleaned up
2025-07-17 02:00:22,907 - INFO - Program terminated
2025-07-17 03:51:10,760 - INFO - Firebase initialized successfully
2025-07-17 03:51:10,762 - INFO - Checking for reminders...
2025-07-17 03:51:11,895 - INFO - No tasks found for user fZG5xeJwnLQCs45uwK4vmCr01Bh1
2025-07-17 03:52:11,900 - INFO - Checking for reminders...
2025-07-17 03:52:12,131 - INFO - Reminder triggered for task: Test 1
2025-07-17 03:52:30,151 - INFO - Tap detected: 1/2
2025-07-17 03:52:30,323 - INFO - Tap detected: 2/2
2025-07-17 03:52:30,800 - INFO - Double-tap detected, stopping reminder
2025-07-17 03:52:43,588 - INFO - Firebase app cleaned up
2025-07-17 03:52:43,719 - INFO - Program terminated
2025-07-17 04:38:45,413 - INFO - Firebase initialized successfully
2025-07-17 04:38:45,414 - INFO - Checking for reminders...
2025-07-17 04:39:46,571 - INFO - Checking for reminders...
2025-07-17 04:40:46,827 - INFO - Checking for reminders...
2025-07-17 04:40:47,011 - INFO - Reminder triggered for task: Test3
2025-07-17 04:40:47,012 - INFO - Reminder written to /home/pi/Documents/GitHub/e20-3yp-P-E-BO-Desk-Companion/code/PEBO/reminders/reminder_output.txt: Reminder: Test3 is due in 4 minutes!
2025-07-17 04:41:34,252 - INFO - Tap detected: 1/2
2025-07-17 04:41:42,856 - INFO - Tap detected: 1/2
2025-07-17 04:41:43,179 - INFO - Tap detected: 2/2
2025-07-17 04:41:43,392 - INFO - Double-tap detected, stopping reminder
2025-07-17 04:41:43,393 - INFO - Reminder stopped message written to /home/pi/Documents/GitHub/e20-3yp-P-E-BO-Desk-Companion/code/PEBO/reminders/reminder_output.txt
2025-07-17 04:42:43,441 - INFO - Checking for reminders...
2025-07-17 04:43:44,167 - INFO - Checking for reminders...
2025-07-17 04:44:44,457 - INFO - Checking for reminders...
2025-07-17 04:45:46,835 - INFO - Checking for reminders...
2025-07-17 04:46:31,133 - INFO - Firebase initialized successfully
2025-07-17 04:46:31,134 - INFO - Checking for reminders...
2025-07-17 04:47:32,260 - INFO - Checking for reminders...
2025-07-17 04:47:32,433 - INFO - Reminder triggered for task: Test4
2025-07-17 04:47:32,436 - INFO - Reminder written to /home/pi/Documents/GitHub/e20-3yp-P-E-BO-Desk-Companion/code/PEBO/reminders/reminder_output.txt: Reminder: Test4 is due in 4 minutes!
2025-07-17 04:48:32,497 - INFO - Checking for reminders...
2025-07-17 04:49:32,736 - INFO - Checking for reminders...
2025-07-17 04:50:32,939 - INFO - Checking for reminders...
2025-07-17 04:50:33,136 - INFO - Reminder triggered for task: Test5
2025-07-17 04:50:33,137 - INFO - Reminder written to /home/pi/Documents/GitHub/e20-3yp-P-E-BO-Desk-Companion/code/PEBO/reminders/reminder_output.txt: Reminder: Test5 is due in 4 minutes!
2025-07-17 04:51:33,198 - INFO - Checking for reminders...
2025-07-17 04:52:33,431 - INFO - Checking for reminders...
2025-07-17 04:52:33,631 - INFO - Reminder triggered for task: Test6
2025-07-17 04:52:33,633 - INFO - Reminder written to /home/pi/Documents/GitHub/e20-3yp-P-E-BO-Desk-Companion/code/PEBO/reminders/reminder_output.txt: Reminder: Test6 is due in 4 minutes!
2025-07-17 04:52:44,489 - INFO - Firebase app cleaned up
2025-07-17 04:52:44,492 - INFO - Program terminated
